<?xml version="1.0" encoding="UTF-8"?>
<testng-results ignored="0" total="1" passed="1" failed="0" skipped="0">
  <reporter-output>
  </reporter-output>
  <suite started-at="2024-06-06T01:52:16 CEST" name="Default suite" finished-at="2024-06-06T01:52:18 CEST" duration-ms="1325">
    <groups>
    </groups>
    <test started-at="2024-06-06T01:52:16 CEST" name="Default test" finished-at="2024-06-06T01:52:18 CEST" duration-ms="1325">
      <class name="locatorExamples.LocatorByTagName">
        <test-method is-config="true" signature="browser()[pri:0, instance:locatorExamples.LocatorByTagName@272113c4]" started-at="2024-06-06T01:52:14 CEST" name="browser" finished-at="2024-06-06T01:52:16 CEST" duration-ms="2100" status="PASS">
          <reporter-output>
          </reporter-output>
        </test-method> <!-- browser -->
        <test-method is-config="true" signature="open()[pri:0, instance:locatorExamples.LocatorByTagName@272113c4]" started-at="2024-06-06T01:52:16 CEST" name="open" finished-at="2024-06-06T01:52:18 CEST" duration-ms="1296" status="PASS">
          <reporter-output>
          </reporter-output>
        </test-method> <!-- open -->
        <test-method signature="tagName()[pri:0, instance:locatorExamples.LocatorByTagName@272113c4]" started-at="2024-06-06T01:52:18 CEST" name="tagName" finished-at="2024-06-06T01:52:18 CEST" duration-ms="15" status="PASS">
          <reporter-output>
          </reporter-output>
        </test-method> <!-- tagName -->
        <test-method is-config="true" signature="close()[pri:0, instance:locatorExamples.LocatorByTagName@272113c4]" started-at="2024-06-06T01:52:18 CEST" name="close" finished-at="2024-06-06T01:52:18 CEST" duration-ms="405" status="PASS">
          <reporter-output>
          </reporter-output>
        </test-method> <!-- close -->
      </class> <!-- locatorExamples.LocatorByTagName -->
    </test> <!-- Default test -->
  </suite> <!-- Default suite -->
</testng-results>
