<?xml version="1.0" encoding="UTF-8"?>
<testng-results ignored="0" total="1" passed="1" failed="0" skipped="0">
  <reporter-output>
  </reporter-output>
  <suite started-at="2024-05-29T22:58:03 CEST" name="Default suite" finished-at="2024-05-29T22:58:16 CEST" duration-ms="13631">
    <groups>
    </groups>
    <test started-at="2024-05-29T22:58:03 CEST" name="Default test" finished-at="2024-05-29T22:58:16 CEST" duration-ms="13631">
      <class name="mouri.project.com.OpenUrl">
        <test-method is-config="true" signature="startBrowser()[pri:0, instance:mouri.project.com.OpenUrl@7db12bb6]" started-at="2024-05-29T22:57:54 CEST" name="startBrowser" finished-at="2024-05-29T22:58:03 CEST" duration-ms="8437" status="PASS">
          <reporter-output>
          </reporter-output>
        </test-method> <!-- startBrowser -->
        <test-method signature="open()[pri:0, instance:mouri.project.com.OpenUrl@7db12bb6]" started-at="2024-05-29T22:58:03 CEST" name="open" finished-at="2024-05-29T22:58:16 CEST" duration-ms="13601" status="PASS">
          <reporter-output>
          </reporter-output>
        </test-method> <!-- open -->
        <test-method is-config="true" signature="closeBrowser()[pri:0, instance:mouri.project.com.OpenUrl@7db12bb6]" started-at="2024-05-29T22:58:16 CEST" name="closeBrowser" finished-at="2024-05-29T22:58:16 CEST" duration-ms="166" status="PASS">
          <reporter-output>
          </reporter-output>
        </test-method> <!-- closeBrowser -->
      </class> <!-- mouri.project.com.OpenUrl -->
    </test> <!-- Default test -->
  </suite> <!-- Default suite -->
</testng-results>
